# JRE version: OpenJDK Runtime Environment Microsoft-8035246 (17.0.8+7) (build 17.0.8+7-LTS)
# Java VM: OpenJDK 64-Bit Server VM Microsoft-8035246 (17.0.8+7-LTS, mixed mode, sharing, tiered, compressed oops, compressed class ptrs, g1 gc, windows-amd64)
GC Precious Log:
 CPUs: 12 total, 12 available
 Memory: 16016M
 Large Page Support: Disabled
 NUMA Support: Disabled
 Compressed Oops: Enabled (32-bit)
 Heap Region Size: 1M
 Heap Min Capacity: 8M
 Heap Initial Capacity: 252M
 Heap Max Capacity: 2G
 Pre-touch: Disabled
 Parallel Workers: 10
 Concurrent Workers: 3
 Concurrent Refinement Workers: 10
 Periodic GC: Disabled
Heap:
 garbage-first heap   total 195584K, used 152168K [0x0000000080000000, 0x0000000100000000)
  region size 1024K, 34 young (34816K), 5 survivors (5120K)
 Metaspace       used 91337K, committed 92288K, reserved 557056K
  class space    used 12665K, committed 13120K, reserved 425984K
GC Heap History (20 events):
Event: 30.690 GC heap before
{Heap before GC invocations=44 (full 0):
 garbage-first heap   total 135168K, used 71104K [0x0000000080000000, 0x0000000100000000)
  region size 1024K, 6 young (6144K), 4 survivors (4096K)
 Metaspace       used 69874K, committed 70528K, reserved 491520K
  class space    used 9626K, committed 9920K, reserved 425984K
}
Event: 30.695 GC heap after
{Heap after GC invocations=45 (full 0):
 garbage-first heap   total 135168K, used 69345K [0x0000000080000000, 0x0000000100000000)
  region size 1024K, 1 young (1024K), 1 survivors (1024K)
 Metaspace       used 69874K, committed 70528K, reserved 491520K
  class space    used 9626K, committed 9920K, reserved 425984K
}
Event: 31.381 GC heap before
{Heap before GC invocations=45 (full 0):
 garbage-first heap   total 135168K, used 101089K [0x0000000080000000, 0x0000000100000000)
  region size 1024K, 31 young (31744K), 1 survivors (1024K)
 Metaspace       used 72075K, committed 72768K, reserved 491520K
  class space    used 9919K, committed 10240K, reserved 425984K
}
Event: 31.386 GC heap after
{Heap after GC invocations=46 (full 0):
 garbage-first heap   total 135168K, used 71181K [0x0000000080000000, 0x0000000100000000)
  region size 1024K, 3 young (3072K), 3 survivors (3072K)
 Metaspace       used 72075K, committed 72768K, reserved 491520K
  class space    used 9919K, committed 10240K, reserved 425984K
}
Event: 31.793 GC heap before
{Heap before GC invocations=47 (full 0):
 garbage-first heap   total 135168K, used 102925K [0x0000000080000000, 0x0000000100000000)
  region size 1024K, 34 young (34816K), 3 survivors (3072K)
 Metaspace       used 72233K, committed 72960K, reserved 491520K
  class space    used 9944K, committed 10304K, reserved 425984K
}
Event: 31.799 GC heap after
{Heap after GC invocations=48 (full 0):
 garbage-first heap   total 135168K, used 73790K [0x0000000080000000, 0x0000000100000000)
  region size 1024K, 5 young (5120K), 5 survivors (5120K)
 Metaspace       used 72233K, committed 72960K, reserved 491520K
  class space    used 9944K, committed 10304K, reserved 425984K
}
Event: 39.906 GC heap before
{Heap before GC invocations=48 (full 0):
 garbage-first heap   total 135168K, used 74814K [0x0000000080000000, 0x0000000100000000)
  region size 1024K, 6 young (6144K), 5 survivors (5120K)
 Metaspace       used 72324K, committed 73088K, reserved 491520K
  class space    used 9956K, committed 10304K, reserved 425984K
}
Event: 39.912 GC heap after
{Heap after GC invocations=49 (full 0):
 garbage-first heap   total 195584K, used 74221K [0x0000000080000000, 0x0000000100000000)
  region size 1024K, 1 young (1024K), 1 survivors (1024K)
 Metaspace       used 72324K, committed 73088K, reserved 491520K
  class space    used 9956K, committed 10304K, reserved 425984K
}
Event: 41.835 GC heap before
{Heap before GC invocations=49 (full 0):
 garbage-first heap   total 195584K, used 138733K [0x0000000080000000, 0x0000000100000000)
  region size 1024K, 64 young (65536K), 1 survivors (1024K)
 Metaspace       used 78424K, committed 79168K, reserved 557056K
  class space    used 10983K, committed 11328K, reserved 425984K
}
Event: 41.841 GC heap after
{Heap after GC invocations=50 (full 0):
 garbage-first heap   total 195584K, used 78914K [0x0000000080000000, 0x0000000100000000)
  region size 1024K, 6 young (6144K), 6 survivors (6144K)
 Metaspace       used 78424K, committed 79168K, reserved 557056K
  class space    used 10983K, committed 11328K, reserved 425984K
}
Event: 43.607 GC heap before
{Heap before GC invocations=50 (full 0):
 garbage-first heap   total 195584K, used 152642K [0x0000000080000000, 0x0000000100000000)
  region size 1024K, 68 young (69632K), 6 survivors (6144K)
 Metaspace       used 81175K, committed 82048K, reserved 557056K
  class space    used 11372K, committed 11776K, reserved 425984K
}
Event: 43.618 GC heap after
{Heap after GC invocations=51 (full 0):
 garbage-first heap   total 195584K, used 101810K [0x0000000080000000, 0x0000000100000000)
  region size 1024K, 9 young (9216K), 9 survivors (9216K)
 Metaspace       used 81175K, committed 82048K, reserved 557056K
  class space    used 11372K, committed 11776K, reserved 425984K
}
Event: 44.527 GC heap before
{Heap before GC invocations=51 (full 0):
 garbage-first heap   total 195584K, used 149938K [0x0000000080000000, 0x0000000100000000)
  region size 1024K, 56 young (57344K), 9 survivors (9216K)
 Metaspace       used 84907K, committed 85696K, reserved 557056K
  class space    used 11916K, committed 12288K, reserved 425984K
}
Event: 44.536 GC heap after
{Heap after GC invocations=52 (full 0):
 garbage-first heap   total 195584K, used 108695K [0x0000000080000000, 0x0000000100000000)
  region size 1024K, 7 young (7168K), 7 survivors (7168K)
 Metaspace       used 84907K, committed 85696K, reserved 557056K
  class space    used 11916K, committed 12288K, reserved 425984K
}
Event: 45.397 GC heap before
{Heap before GC invocations=52 (full 0):
 garbage-first heap   total 195584K, used 152727K [0x0000000080000000, 0x0000000100000000)
  region size 1024K, 50 young (51200K), 7 survivors (7168K)
 Metaspace       used 88823K, committed 89792K, reserved 557056K
  class space    used 12423K, committed 12864K, reserved 425984K
}
Event: 45.403 GC heap after
{Heap after GC invocations=53 (full 0):
 garbage-first heap   total 195584K, used 113117K [0x0000000080000000, 0x0000000100000000)
  region size 1024K, 5 young (5120K), 5 survivors (5120K)
 Metaspace       used 88823K, committed 89792K, reserved 557056K
  class space    used 12423K, committed 12864K, reserved 425984K
}
Event: 46.407 GC heap before
{Heap before GC invocations=53 (full 0):
 garbage-first heap   total 195584K, used 156125K [0x0000000080000000, 0x0000000100000000)
  region size 1024K, 47 young (48128K), 5 survivors (5120K)
 Metaspace       used 89779K, committed 90752K, reserved 557056K
  class space    used 12483K, committed 12928K, reserved 425984K
}
Event: 46.417 GC heap after
{Heap after GC invocations=54 (full 0):
 garbage-first heap   total 195584K, used 119405K [0x0000000080000000, 0x0000000100000000)
  region size 1024K, 6 young (6144K), 6 survivors (6144K)
 Metaspace       used 89779K, committed 90752K, reserved 557056K
  class space    used 12483K, committed 12928K, reserved 425984K
}
Event: 47.135 GC heap before
{Heap before GC invocations=54 (full 0):
 garbage-first heap   total 195584K, used 157293K [0x0000000080000000, 0x0000000100000000)
  region size 1024K, 43 young (44032K), 6 survivors (6144K)
 Metaspace       used 90790K, committed 91776K, reserved 557056K
  class space    used 12589K, committed 13056K, reserved 425984K
}
Event: 47.145 GC heap after
{Heap after GC invocations=55 (full 0):
 garbage-first heap   total 195584K, used 124520K [0x0000000080000000, 0x0000000100000000)
  region size 1024K, 5 young (5120K), 5 survivors (5120K)
 Metaspace       used 90790K, committed 91776K, reserved 557056K
  class space    used 12589K, committed 13056K, reserved 425984K
}

